<?xml version="1.0" encoding="UTF-8"?>
<!-- Generated by org.testng.reporters.JUnitReportReporter -->
<testsuite hostname="MSI" failures="0" tests="2" name="ui.UiTesting" time="101.753" errors="0" timestamp="2024-08-10T19:59:39 IST" skipped="0">
  <testcase classname="ui.UiTesting" name="captureScreenshots" time="41.400"/>
  <system-out/>
  <testcase classname="ui.UiTesting" name="captureScreenshots" time="60.353"/>
  <system-out/>
</testsuite> <!-- ui.UiTesting -->
